0
0
1
0
-2

3
0
-2

2
4
-1
2
0
J3
1
1
J4
0
0
2
93
3/Vm|6/Am|2/Vd|4/Am|6/Am|M2/Vd|9/Vd|
7
3
J1
7
3
3/Vm
-1
0
1
93
M2/Vm|Cg/*|8/Az|2/Vm|7/Vd|1/Az|M2/Vd|
7
3
J2
7
3
3/Vm
-1
1
-4
1
0
0
0
0
1
93
M2/Vm|Cg/*|8/Az|7/Vd|1/Az|M2/Vd|
6
3
J2
7
3
2/Vm
-1
0
93
3/Vm|6/Am|2/Vd|4/Am|6/Am|M2/Vd|9/Vd|
7
3
J1
6
3
2/Vm
-1
1
-4
1
0
0
0
0
0
1
93
6/Am|2/Vd|4/Am|6/Am|M2/Vd|9/Vd|
6
3
J1
6
3
3/Vm
-1
0
93
M2/Vm|Cg/*|8/Az|7/Vd|1/Az|M2/Vd|
6
3
J2
6
3
3/Vm
-1
1
-4
1
0
0
0
0
1
91
Cg/*|8/Az|7/Vd|1/Az|M2/Vd|
5
3
J2
8
3
M2/Vm
-1
1
-4
1
0
0
0
1
89
Cg/*|8/Az|7/Vd|1/Az|
4
3
J2
10
3
M2/Vd
-1
1
-4
1
0
0
1
89
Cg/*|8/Az|1/Az|
3
3
J2
10
3
7/Vd
-1
0
89
6/Am|2/Vd|4/Am|6/Am|M2/Vd|9/Vd|8/Vd|0/Vm|In/Az|4/Vm|
10
3
J1
3
3
7/Vd
-1
1
-4
1
0
0
0
0
0
0
1
87
6/Am|2/Vd|4/Am|6/Am|9/Vd|8/Vd|0/Vm|In/Az|4/Vm|
9
3
J1
5
3
M2/Vd
-1
1
-4
1
0
0
0
0
0
0
1
87
6/Am|4/Am|6/Am|9/Vd|8/Vd|0/Vm|In/Az|4/Vm|
8
3
J1
5
3
2/Vd
-1
0
87
Cg/*|8/Az|1/Az|2/Vm|In/Vm|
5
3
J2
8
3
2/Vd
-1
1
-4
1
-4
-4
-4
-4
87
Cg/*|8/Az|1/Az|In/Vm|
4
3
J2
8
3
2/Vm
-1
0
87
6/Am|4/Am|6/Am|9/Vd|8/Vd|0/Vm|In/Az|4/Vm|
8
3
J1
4
3
2/Vm
-1
1
-4
-3
0
0
0
0
0
1
-4
-3
-3
-3
-3
-4
87
6/Am|4/Am|6/Am|9/Vd|8/Vd|In/Az|4/Vm|
7
3
J1
4
3
0/Vm
-1
0
1
-3
0
0
0
0
0
0
0
1
-3
-3
-3
87
6/Am|4/Am|6/Am|9/Vd|8/Vd|In/Az|4/Vm|
7
3
J1
3
3
Cg/*
-1
1
-4
-3
0
0
0
0
0
-3
-3
0
87
6/Am|4/Am|6/Am|9/Vd|8/Vd|In/Az|4/Vm|
7
3
J1
3
3
Cg/*
-1
1
87
8/Az|1/Az|In/Vm|
3
3
J2
7
3
Cg/*
-1
0
0
-3
-4
-4
-4
-3
-3
-4
87
8/Az|1/Az|In/Vm|
3
3
J2
7
3
Cg/*
-1
0
87
6/Am|4/Am|6/Am|9/Vd|8/Vd|In/Az|4/Vm|
7
3
J1
3
3
Cg/*
-1
1
-4
-3
0
0
0
0
0
0
0
1
-3
-3
-3
-3
-3
0
0
85
6/Am|4/Am|6/Am|9/Vd|8/Vd|In/Az|4/Vm|5/Vd|
8
3
J1
4
3
Cg/*
-1
1
85
8/Az|1/Az|In/Vm|0/Am|
4
3
J2
8
3
Cg/*
-1
0
0
-3
-4
-4
-4
85
8/Az|1/Az|In/Vm|0/Am|
4
3
J2
8
3
Cg/*
-1
0
85
6/Am|4/Am|6/Am|9/Vd|8/Vd|In/Az|4/Vm|5/Vd|
8
3
J1
4
3
Cg/*
-1
1
-4
-3
0
0
0
0
0
0
0
1
-3
-3
-3
-3
-3
0
85
6/Am|4/Am|6/Am|9/Vd|8/Vd|In/Az|4/Vm|5/Vd|
8
3
J1
4
3
Cg/*
-1
1
85
8/Az|1/Az|In/Vm|0/Am|
4
3
J2
8
3
Cg/*
-1
0
0
-4
-4
-4
-4
85
8/Az|1/Az|In/Vm|0/Am|
4
3
J2
8
3
Cg/*
-1
0
85
6/Am|4/Am|6/Am|9/Vd|8/Vd|In/Az|4/Vm|5/Vd|
8
3
J1
4
3
Cg/*
-1
1
-4
-3
0
0
0
0
0
0
-3
-3
1
85
6/Am|4/Am|6/Am|9/Vd|8/Vd|In/Az|4/Vm|5/Vd|
8
3
J1
4
3
Cg/*
-1
1
85
8/Az|1/Az|In/Vm|0/Am|
4
3
J2
8
3
Cg/*
-1
0
0
-4
-4
-4
-4
85
8/Az|1/Az|In/Vm|0/Am|
4
3
J2
8
3
Cg/*
-1
0
85
6/Am|4/Am|6/Am|9/Vd|8/Vd|In/Az|4/Vm|5/Vd|
8
3
J1
4
3
Cg/*
-1
1
-4
-3
0
0
0
0
1
-3
-3
0
85
6/Am|4/Am|6/Am|9/Vd|8/Vd|In/Az|4/Vm|5/Vd|
8
3
J1
4
3
Cg/*
-1
1
85
8/Az|1/Az|In/Vm|0/Am|
4
3
J2
8
3
Cg/*
-1
0
0
-4
-4
-4
85
8/Az|1/Az|In/Vm|0/Am|
4
3
J2
8
3
Cg/*
-1
0
85
6/Am|4/Am|6/Am|9/Vd|8/Vd|In/Az|4/Vm|5/Vd|
8
3
J1
4
3
Cg/*
-1
1
-4
-3
0
0
0
0
0
0
0
0
1
-3
-3
0
0
83
6/Am|4/Am|6/Am|9/Vd|8/Vd|In/Az|4/Vm|5/Vd|4/Vd|
9
3
J1
5
3
Cg/*
-1
1
83
8/Az|1/Az|In/Vm|0/Am|C4/*|
5
3
J2
9
3
Cg/*
-1
0
0
-3
-4
83
8/Az|1/Az|In/Vm|0/Am|C4/*|
5
3
J2
9
3
Cg/*
-1
0
83
6/Am|4/Am|6/Am|9/Vd|8/Vd|In/Az|4/Vm|5/Vd|4/Vd|
9
3
J1
5
3
Cg/*
-1
1
0
0
